make all --print-data-base --no-builtin-variables --no-builtin-rules --question
make: *** No rule to make target 'all'.  Stop.

# GNU Make 4.3
# Built for x86_64-pc-linux-gnu
# Copyright (C) 1988-2020 Free Software Foundation, Inc.
# License GPLv3+: GNU GPL version 3 or later <http://gnu.org/licenses/gpl.html>
# This is free software: you are free to change and redistribute it.
# There is NO WARRANTY, to the extent permitted by law.

# Make data base, printed on Fri Aug 29 16:01:56 2025

# Variables

# environment
GDK_BACKEND = x11
# environment
LC_ALL = C
# environment
GNOME_SHELL_SESSION_MODE = ubuntu
# environment
SSH_AGENT_LAUNCHER = gnome-keyring
# environment
LC_NAME = en_CA.UTF-8
# environment
LC_NUMERIC = en_CA.UTF-8
# environment
VSCODE_CRASH_REPORTER_PROCESS_TYPE = extensionHost
# environment
VSCODE_CWD = /home/nastya
# environment
LC_ADDRESS = en_CA.UTF-8
# default
MAKE_COMMAND := make
# environment
QT_ACCESSIBILITY = 1
# environment
GOPATH = /home/nastya/goproject
# automatic
@D = $(patsubst %/,%,$(dir $@))
# environment
VSCODE_HANDLES_UNCAUGHT_ERRORS = true
# default
.VARIABLES := 
# environment
PWD = /home/nastya/Downloads/shop/shop-microservice
# automatic
%D = $(patsubst %/,%,$(dir $%))
# environment
XDG_DATA_DIRS = /usr/share/ubuntu:/home/nastya/.local/share/flatpak/exports/share:/var/lib/flatpak/exports/share:/usr/local/share/:/usr/share/:/var/lib/snapd/desktop
# automatic
^D = $(patsubst %/,%,$(dir $^))
# automatic
%F = $(notdir $%)
# environment
VSCODE_CODE_CACHE_PATH = /home/nastya/.config/Code/CachedData/2901c5ac6db8a986a5666c3af51ff804d05af0d4
# environment
LANG = C
# environment
XAUTHORITY = /run/user/1000/.mutter-Xwaylandauth.AVF5B3
# default
.LOADED := 
# default
.INCLUDE_DIRS = /usr/local/include /usr/include /usr/include
# makefile
MAKEFLAGS = pqrR
# makefile
CURDIR := /home/nastya/Downloads/shop/shop-microservice
# environment
APPLICATION_INSIGHTS_NO_DIAGNOSTIC_CHANNEL = true
# environment
LESSOPEN = | /usr/bin/lesspipe %s
# environment
VSCODE_L10N_BUNDLE_LOCATION = 
# automatic
*D = $(patsubst %/,%,$(dir $*))
# environment
MFLAGS = -pqrR
# environment
SSH_AUTH_SOCK = /run/user/1000/keyring/ssh
# default
.SHELLFLAGS := -c
# environment
WAYLAND_DISPLAY = wayland-0
# environment
XDG_CONFIG_DIRS = /etc/xdg/xdg-ubuntu:/etc/xdg
# automatic
+D = $(patsubst %/,%,$(dir $+))
# environment
XDG_SESSION_DESKTOP = ubuntu
# makefile (from 'Makefile', line 1)
MAKEFILE_LIST := Makefile
# automatic
@F = $(notdir $@)
# environment
VSCODE_PID = 2322
# environment
XDG_SESSION_TYPE = wayland
# automatic
?D = $(patsubst %/,%,$(dir $?))
# environment
SESSION_MANAGER = local/daliatoo:@/tmp/.ICE-unix/2032,unix/daliatoo:/tmp/.ICE-unix/2032
# automatic
*F = $(notdir $*)
# environment
CHROME_DESKTOP = code.desktop
# environment
DBUS_SESSION_BUS_ADDRESS = unix:path=/run/user/1000/bus
# automatic
<D = $(patsubst %/,%,$(dir $<))
# environment
VSCODE_NLS_CONFIG = {"userLocale":"en-gb","osLocale":"en-gb","resolvedLanguage":"en","defaultMessagesFile":"/usr/share/code/resources/app/out/nls.messages.json","locale":"en-gb","availableLanguages":{}}
# default
MAKE_HOST := x86_64-pc-linux-gnu
# environment
GNOME_DESKTOP_SESSION_ID = this-is-deprecated
# makefile
SHELL = /bin/sh
# default
MAKECMDGOALS := all
# environment
XMODIFIERS = @im=ibus
# environment
LD_LIBRARY_PATH = :/usr/local/lib
# environment
SHLVL = 0
# environment
MAKELEVEL := 0
# environment
IM_CONFIG_CHECK_ENV = 1
# default
MAKE = $(MAKE_COMMAND)
# environment
PATH = /home/nastya/.local/bin:/home/nastya/.local/bin:/home/nastya/.local/bin:/home/nastya/.local/bin:/usr/local/sbin:/usr/local/bin:/usr/sbin:/usr/bin:/sbin:/bin:/usr/games:/usr/local/games:/snap/bin:/snap/bin:/usr/local/go/bin:/home/nastya/goproject/bin:/usr/local/lib:/usr/local/go/bin:/home/nastya/goproject/bin
# default
MAKEFILES := 
# environment
LANGUAGE = en_GB:en
# environment
LC_MONETARY = en_CA.UTF-8
# automatic
^F = $(notdir $^)
# environment
LC_TIME = en_CA.UTF-8
# environment
GOTELEMETRY_GOPLS_CLIENT_START_TIME = 1741773601
# environment
INVOCATION_ID = 01859236a53746a6b80bf2bcdea4c00c
# environment
USERNAME = nastya
# environment
GNOME_SETUP_DISPLAY = :1
# environment
LC_TELEPHONE = en_CA.UTF-8
# environment
LESSCLOSE = /usr/bin/lesspipe %s %s
# automatic
?F = $(notdir $?)
# environment
DESKTOP_AUTOSTART_ID = 108f6720717ab1ec1517564725058158100000020320016
# environment
XDG_CURRENT_DESKTOP = Unity
# automatic
+F = $(notdir $+)
# environment
DESKTOP_SESSION = ubuntu
# environment
ORIGINAL_XDG_CURRENT_DESKTOP = ubuntu:GNOME
# 'override' directive
GNUMAKEFLAGS := 
# environment
LOGNAME = nastya
# environment
GOTELEMETRY_GOPLS_CLIENT_TOKEN = 792
# environment
GIO_LAUNCHED_DESKTOP_FILE = /home/nastya/.config/autostart/code.desktop
# makefile
.DEFAULT_GOAL := up
# environment
SYSTEMD_EXEC_PID = 2032
# environment
DISPLAY = :0
# environment
USER = nastya
# environment
GTK_MODULES = gail:atk-bridge
# default
MAKE_VERSION := 4.3
# environment
MANAGERPID = 1882
# environment
LC_MEASUREMENT = en_CA.UTF-8
# environment
GIO_LAUNCHED_DESKTOP_FILE_PID = 2322
# environment
_ = /usr/share/code/code
# environment
LC_PAPER = en_CA.UTF-8
# environment
XDG_RUNTIME_DIR = /run/user/1000
# environment
JOURNAL_STREAM = 8:14808
# environment
GOMODCACHE = /home/nastya/goproject/pkg/mod
# environment
XDG_SESSION_CLASS = user
# environment
HOME = /home/nastya
# environment
QT_IM_MODULE = ibus
# environment
ELECTRON_RUN_AS_NODE = 1
# environment
VSCODE_IPC_HOOK = /run/user/1000/vscode-59bea211-1.10-main.sock
# environment
IM_CONFIG_PHASE = 1
# environment
PAPERSIZE = letter
# environment
GOPROXY = https://proxy.golang.org,direct
# default
.RECIPEPREFIX := 
# automatic
<F = $(notdir $<)
# default
SUFFIXES := 
# default
.FEATURES := target-specific order-only second-expansion else-if shortest-stem undefine oneshell nocomment grouped-target extra-prereqs archives jobserver output-sync check-symlink load
# environment
XDG_MENU_PREFIX = gnome-
# environment
VSCODE_ESM_ENTRYPOINT = vs/workbench/api/node/extensionHostProcess
# environment
GDMSESSION = ubuntu
# environment
LC_IDENTIFICATION = en_CA.UTF-8
# variable set hash-table stats:
 
# Load=111/1024=11%, Rehash=0, Collisions=7/141=5%

# Pattern-specific Variable Values

# No pattern-specific variable values.

# Directories

# . (device 2050, inode 5642808): 23 files, no impossibilities.

# 23 files, no impossibilities in 1 directories.

# Implicit Rules

# No implicit rules.

# Files

test-coverage:
#  Implicit rule search has not been done.
#  Modification time never checked.
#  File has not been updated.
#  recipe to execute (from 'Makefile', line 23):
	docker-compose -f docker/docker-compose.yml up -d postgres && \
	sleep 5 && \
	cd internal/infrastructure/postgresql && \
	env $$(cat ../../../../docker/.env | xargs) go test -v . -coverprofile=coverage.out && \
	go tool cover -html=coverage.out

test-integration:
#  Phony target (prerequisite of .PHONY).
#  Implicit rule search has not been done.
#  File does not exist.
#  File has not been updated.
#  recipe to execute (from 'Makefile', line 30):
	# Запуск интеграционных тестов
	env $$(cat docker/.env | xargs) \
	docker-compose -f docker/docker-compose.yml up -d postgres && \
	sleep 5 && \
	cd internal/infrastructure/postgresql && \
	env $$(cat ../../../docker/.env | xargs) go test -tags=integration -v . -count=1

# Not a target:
Makefile:
#  Implicit rule search has been done.
#  Last modified 2025-08-28 01:31:58.905983454
#  File has been updated.
#  Successfully updated.

logs:
#  Implicit rule search has not been done.
#  Modification time never checked.
#  File has not been updated.
#  recipe to execute (from 'Makefile', line 11):
	docker-compose -f docker/docker-compose.yml logs -f app

up:
#  Implicit rule search has not been done.
#  Modification time never checked.
#  File has not been updated.
#  recipe to execute (from 'Makefile', line 5):
	docker-compose -f docker/docker-compose.yml up --build

test-unit:
#  Phony target (prerequisite of .PHONY).
#  Implicit rule search has not been done.
#  File does not exist.
#  File has not been updated.
#  recipe to execute (from 'Makefile', line 38):
	# Unit тесты (без зависимостей)
	cd internal/infrastructure/postgresql && \
	go test -v . -count=1

# Not a target:
.DEFAULT:
#  Implicit rule search has not been done.
#  Modification time never checked.
#  File has not been updated.

# Not a target:
all:
#  Command line target.
#  Implicit rule search has been done.
#  File does not exist.
#  File has not been updated.

test:
#  Phony target (prerequisite of .PHONY).
#  Implicit rule search has not been done.
#  File does not exist.
#  File has not been updated.
#  recipe to execute (from 'Makefile', line 17):
	docker-compose -f docker/docker-compose.yml up -d postgres && \
	sleep 10 && \
	cd internal/infrastructure/postgresql && \
	DB_HOST=localhost DB_PORT=5433 DB_USER=orders_user DB_PASSWORD=orders_password DB_NAME=orders_db go test -v . -count=1

test-kafka-integration:
#  Implicit rule search has not been done.
#  Modification time never checked.
#  File has not been updated.
#  recipe to execute (from 'Makefile', line 50):
	docker-compose -f docker/docker-compose.yml up -d zookeeper kafka && \
	sleep 30 && \
	cd internal/infrastructure/kafka && \
	KAFKA_BROKERS=localhost:9093 go test -v -tags=integration . -count=1

test-kafka-health:
#  Implicit rule search has not been done.
#  Modification time never checked.
#  File has not been updated.
#  recipe to execute (from 'Makefile', line 57):
	docker-compose -f docker/docker-compose.yml up -d zookeeper kafka && \
	sleep 30 && \
	docker exec docker-kafka-1 kafka-broker-api-versions --bootstrap-server localhost:9092 && \
	echo "Kafka is healthy"

.PHONY: test test-unit test-integration
#  Implicit rule search has not been done.
#  Modification time never checked.
#  File has not been updated.

down:
#  Implicit rule search has not been done.
#  Modification time never checked.
#  File has not been updated.
#  recipe to execute (from 'Makefile', line 8):
	docker-compose -f docker/docker-compose.yml down -v

test-kafka:
#  Implicit rule search has not been done.
#  Modification time never checked.
#  File has not been updated.
#  recipe to execute (from 'Makefile', line 44):
	docker-compose -f docker/docker-compose.yml up -d zookeeper kafka && \
	sleep 30 && \
	cd internal/infrastructure/kafka && \
	KAFKA_BROKERS=localhost:9093 go test -v . -count=1

air-local:
#  Implicit rule search has not been done.
#  Modification time never checked.
#  File has not been updated.
#  recipe to execute (from 'Makefile', line 14):
	air -c .air.toml

# files hash-table stats:
# Load=16/1024=2%, Rehash=0, Collisions=0/32=0%
# VPATH Search Paths

# No 'vpath' search paths.

# No general ('VPATH' variable) search path.

# strcache buffers: 1 (0) / strings = 40 / storage = 377 B / avg = 9 B
# current buf: size = 8162 B / used = 377 B / count = 40 / avg = 9 B

# strcache performance: lookups = 59 / hit rate = 32%
# hash-table stats:
# Load=40/8192=0%, Rehash=0, Collisions=0/59=0%
# Finished Make data base on Fri Aug 29 16:01:56 2025

 
